<?xml version="1.0" encoding="UTF-8"?>
<!-- Generated by org.testng.reporters.JUnitXMLReporter -->
<testsuite ignored="0" hostname="LAPTOP-Q3DTR5IC" failures="0" tests="3" name="ChromeTest" time="22.503" errors="0" timestamp="2024-04-03T12:47:15 IST">
  <testcase classname="Day14.ParamTest" name="TestLogo" time="0.088"/>
  <testcase classname="Day14.ParamTest" name="testlogin" time="1.642"/>
  <testcase classname="Day14.ParamTest" name="testHomePageTitle" time="0.022"/>
</testsuite> <!-- ChromeTest -->
