<?xml version="1.0" encoding="UTF-8"?>
<!-- Generated by org.testng.reporters.JUnitXMLReporter -->
<testsuite ignored="0" hostname="LAPTOP-Q3DTR5IC" failures="0" tests="3" name="EdgeTest" time="27.677" errors="0" timestamp="2024-04-03T12:47:20 IST">
  <testcase classname="Day14.ParamTest" name="TestLogo" time="0.074"/>
  <testcase classname="Day14.ParamTest" name="testlogin" time="0.418"/>
  <testcase classname="Day14.ParamTest" name="testHomePageTitle" time="1.26"/>
</testsuite> <!-- EdgeTest -->
