<?xml version="1.0" encoding="UTF-8"?>
<!-- Generated by org.testng.reporters.JUnitXMLReporter -->
<testsuite ignored="0" hostname="LAPTOP-Q3DTR5IC" failures="0" tests="6" name="mytest" time="15.709" errors="0" timestamp="2024-03-29T11:54:05 IST">
  <testcase classname="Day12.FirstTest" name="test1" time="0.027"/>
  <testcase classname="Day12.FirstTest" name="test2" time="0.003"/>
  <testcase classname="Day12.FirstTest" name="test3" time="0.001"/>
  <testcase classname="Day12.ThirdTest" name="OpenApp" time="12.83"/>
  <testcase classname="Day12.ThirdTest" name="login" time="2.608"/>
  <testcase classname="Day12.ThirdTest" name="CloseApp" time="0.131"/>
</testsuite> <!-- mytest -->
