<?xml version="1.0" encoding="UTF-8"?>
<!-- Generated by org.testng.reporters.JUnitXMLReporter -->
<testsuite ignored="6" hostname="LAPTOP-Q3DTR5IC" failures="0" tests="3" name="Test1" time="0.078" errors="0" timestamp="2024-04-02T11:43:03 IST">
  <testcase classname="Day14.GroupingDemo" name="loginByfacebook" time="0.014"/>
  <testcase classname="Day14.GroupingDemo" name="loginBytwitter" time="0.002"/>
  <testcase classname="Day14.GroupingDemo" name="paymentindollar" time="0.001"/>
  <testcase classname="Day14.GroupingDemo" name="loginByEmail" time="0.0">
    <ignored/>
  </testcase> <!-- loginByEmail -->
  <testcase classname="Day14.GroupingDemo" name="paymentReturnbyBank" time="0.0">
    <ignored/>
  </testcase> <!-- paymentReturnbyBank -->
  <testcase classname="Day14.GroupingDemo" name="signupbyemail" time="0.0">
    <ignored/>
  </testcase> <!-- signupbyemail -->
  <testcase classname="Day14.GroupingDemo" name="signupbytwitter" time="0.0">
    <ignored/>
  </testcase> <!-- signupbytwitter -->
  <testcase classname="Day14.GroupingDemo" name="paymentinrupees" time="0.0">
    <ignored/>
  </testcase> <!-- paymentinrupees -->
  <testcase classname="Day14.GroupingDemo" name="signupbyfacebook" time="0.0">
    <ignored/>
  </testcase> <!-- signupbyfacebook -->
</testsuite> <!-- Test1 -->
