<?xml version="1.0" encoding="UTF-8"?>
<!-- Generated by org.testng.reporters.JUnitXMLReporter -->
<testsuite ignored="0" hostname="LAPTOP-Q3DTR5IC" failures="0" tests="6" name="mytest" time="13.914" errors="0" timestamp="2024-03-29T12:19:46 IST">
  <testcase classname="Day12.FirstTest" name="test1" time="0.031"/>
  <testcase classname="Day12.FirstTest" name="test2" time="0.003"/>
  <testcase classname="Day12.FirstTest" name="test3" time="0.002"/>
  <testcase classname="Day12.ThirdTest" name="OpenApp" time="10.152"/>
  <testcase classname="Day12.ThirdTest" name="login" time="3.515"/>
  <testcase classname="Day12.ThirdTest" name="CloseApp" time="0.115"/>
</testsuite> <!-- mytest -->
