<?xml version="1.0" encoding="UTF-8"?>
<testng-results ignored="0" total="3" passed="3" failed="0" skipped="0">
  <reporter-output>
  </reporter-output>
  <suite started-at="2024-04-09T13:55:27 IST" name="Suite" finished-at="2024-04-09T13:55:52 IST" duration-ms="25080">
    <groups>
    </groups>
    <test started-at="2024-04-09T13:55:27 IST" name="Test" finished-at="2024-04-09T13:55:52 IST" duration-ms="25080">
      <class name="Day12.ThirdTest">
        <test-method signature="OpenApp()[pri:1, instance:Day12.ThirdTest@795cd85e]" started-at="2024-04-09T13:55:27 IST" name="OpenApp" finished-at="2024-04-09T13:55:52 IST" duration-ms="24410" status="PASS">
          <reporter-output>
          </reporter-output>
        </test-method> <!-- OpenApp -->
        <test-method signature="login()[pri:2, instance:Day12.ThirdTest@795cd85e]" started-at="2024-04-09T13:55:52 IST" name="login" finished-at="2024-04-09T13:55:52 IST" duration-ms="422" status="PASS">
          <reporter-output>
          </reporter-output>
        </test-method> <!-- login -->
        <test-method signature="CloseApp()[pri:3, instance:Day12.ThirdTest@795cd85e]" started-at="2024-04-09T13:55:52 IST" name="CloseApp" finished-at="2024-04-09T13:55:52 IST" duration-ms="178" status="PASS">
          <reporter-output>
          </reporter-output>
        </test-method> <!-- CloseApp -->
      </class> <!-- Day12.ThirdTest -->
    </test> <!-- Test -->
  </suite> <!-- Suite -->
</testng-results>
