<?xml version="1.0" encoding="UTF-8"?>
<testng-results ignored="0" total="3" passed="3" failed="0" skipped="0">
  <reporter-output>
  </reporter-output>
  <suite started-at="2024-04-09T12:58:27 IST" name="Suite" finished-at="2024-04-09T12:58:47 IST" duration-ms="20220">
    <groups>
    </groups>
    <test started-at="2024-04-09T12:58:27 IST" name="Test" finished-at="2024-04-09T12:58:47 IST" duration-ms="20220">
      <class name="Day12.ThirdTest">
        <test-method signature="OpenApp()[pri:1, instance:Day12.ThirdTest@61862a7f]" started-at="2024-04-09T12:58:27 IST" name="OpenApp" finished-at="2024-04-09T12:58:46 IST" duration-ms="19630" status="PASS">
          <reporter-output>
          </reporter-output>
        </test-method> <!-- OpenApp -->
        <test-method signature="login()[pri:2, instance:Day12.ThirdTest@61862a7f]" started-at="2024-04-09T12:58:46 IST" name="login" finished-at="2024-04-09T12:58:47 IST" duration-ms="387" status="PASS">
          <reporter-output>
          </reporter-output>
        </test-method> <!-- login -->
        <test-method signature="CloseApp()[pri:3, instance:Day12.ThirdTest@61862a7f]" started-at="2024-04-09T12:58:47 IST" name="CloseApp" finished-at="2024-04-09T12:58:47 IST" duration-ms="147" status="PASS">
          <reporter-output>
          </reporter-output>
        </test-method> <!-- CloseApp -->
      </class> <!-- Day12.ThirdTest -->
    </test> <!-- Test -->
  </suite> <!-- Suite -->
</testng-results>
