<?xml version="1.0" encoding="UTF-8"?>
<testng-results ignored="0" total="3" passed="3" failed="0" skipped="0">
  <reporter-output>
  </reporter-output>
  <suite started-at="2024-04-09T10:38:53 IST" name="Suite" finished-at="2024-04-09T10:39:13 IST" duration-ms="20123">
    <groups>
    </groups>
    <test started-at="2024-04-09T10:38:53 IST" name="Test" finished-at="2024-04-09T10:39:13 IST" duration-ms="20123">
      <class name="Day12.ThirdTest">
        <test-method signature="OpenApp()[pri:1, instance:Day12.ThirdTest@61862a7f]" started-at="2024-04-09T10:38:53 IST" name="OpenApp" finished-at="2024-04-09T10:39:11 IST" duration-ms="17776" status="PASS">
          <reporter-output>
          </reporter-output>
        </test-method> <!-- OpenApp -->
        <test-method signature="login()[pri:2, instance:Day12.ThirdTest@61862a7f]" started-at="2024-04-09T10:39:11 IST" name="login" finished-at="2024-04-09T10:39:13 IST" duration-ms="2110" status="PASS">
          <reporter-output>
          </reporter-output>
        </test-method> <!-- login -->
        <test-method signature="CloseApp()[pri:3, instance:Day12.ThirdTest@61862a7f]" started-at="2024-04-09T10:39:13 IST" name="CloseApp" finished-at="2024-04-09T10:39:13 IST" duration-ms="159" status="PASS">
          <reporter-output>
          </reporter-output>
        </test-method> <!-- CloseApp -->
      </class> <!-- Day12.ThirdTest -->
    </test> <!-- Test -->
  </suite> <!-- Suite -->
</testng-results>
